0 info it worked if it ends with ok
1 verbose cli [ 'C:\\Program Files\\nodejs\\node.exe',
1 verbose cli   'C:\\Users\\Todd\\AppData\\Roaming\\npm\\node_modules\\npm\\bin\\npm-cli.js',
1 verbose cli   'start' ]
2 info using npm@4.0.3
3 info using node@v6.11.3
4 verbose run-script [ 'prestart', 'start', 'poststart' ]
5 info lifecycle bs4starter@1.0.0~prestart: bs4starter@1.0.0
6 silly lifecycle bs4starter@1.0.0~prestart: no script for prestart, continuing
7 info lifecycle bs4starter@1.0.0~start: bs4starter@1.0.0
8 verbose lifecycle bs4starter@1.0.0~start: unsafe-perm in lifecycle true
9 verbose lifecycle bs4starter@1.0.0~start: PATH: C:\Users\Todd\AppData\Roaming\npm\node_modules\npm\bin\node-gyp-bin;C:\Users\Todd\Desktop\code\udemy\traversy\bootstrap-4-beta\bootstrap-sandbox\mizuxe\node_modules\.bin;C:\Users\Todd\bin;C:\Users\Todd\AppData\Local\Programs\Git\mingw64\bin;C:\Users\Todd\AppData\Local\Programs\Git\usr\local\bin;C:\Users\Todd\AppData\Local\Programs\Git\usr\bin;C:\Users\Todd\AppData\Local\Programs\Git\usr\bin;C:\Users\Todd\AppData\Local\Programs\Git\mingw64\bin;C:\Users\Todd\AppData\Local\Programs\Git\usr\bin;C:\Users\Todd\bin;C:\ProgramData\Oracle\Java\javapath;C:\Program Files\Java\jdk1.8.0_112\bin;C:\Program Files\MongoDB\Server\3.2\bin;C:\Program Files (x86)\Heroku\bin;C:\Program Files\Intel\WiFi\bin;C:\Program Files\Common Files\Intel\WirelessCommon;C:\Program Files (x86)\Skype\Phone;C:\Program Files\nodejs;C:\Program Files (x86)\Google\Chrome\Application;C:\Program Files (x86)\Intel\iCLS Client;C:\Program Files\Intel\iCLS Client;C:\Windows\system32;C:\Windows;C:\Windows\System32\Wbem;C:\Windows\System32\WindowsPowerShell\v1.0;C:\Program Files\Intel\Intel(R) Management Engine Components\DAL;C:\Program Files\Intel\Intel(R) Management Engine Components\IPT;C:\Program Files (x86)\Intel\Intel(R) Management Engine Components\DAL;C:\Program Files (x86)\Intel\Intel(R) Management Engine Components\IPT;C:\Program Files\Intel\WiFi\bin;C:\Program Files\Common Files\Intel\WirelessCommon;C:\Program Files (x86)\Skype\Phone;C:\Program Files (x86)\QuickTime\QTSystem;C:\Users\Todd\AppData\Roaming\npm;C:\Users\Todd\AppData\Local\Programs\Git\cmd;C:\Users\Todd\AppData\Local\Programs\Git\usr\bin\vendor_perl;C:\Users\Todd\AppData\Local\Programs\Git\usr\bin\core_perl
10 verbose lifecycle bs4starter@1.0.0~start: CWD: C:\Users\Todd\Desktop\code\udemy\traversy\bootstrap-4-beta\bootstrap-sandbox\mizuxe
11 silly lifecycle bs4starter@1.0.0~start: Args: [ '/d /s /c', 'gulp' ]
12 silly lifecycle bs4starter@1.0.0~start: Returned: code: 3221225786  signal: null
13 info lifecycle bs4starter@1.0.0~start: Failed to exec start script
14 verbose stack Error: bs4starter@1.0.0 start: `gulp`
14 verbose stack Exit status 3221225786
14 verbose stack     at EventEmitter.<anonymous> (C:\Users\Todd\AppData\Roaming\npm\node_modules\npm\lib\utils\lifecycle.js:279:16)
14 verbose stack     at emitTwo (events.js:106:13)
14 verbose stack     at EventEmitter.emit (events.js:191:7)
14 verbose stack     at ChildProcess.<anonymous> (C:\Users\Todd\AppData\Roaming\npm\node_modules\npm\lib\utils\spawn.js:40:14)
14 verbose stack     at emitTwo (events.js:106:13)
14 verbose stack     at ChildProcess.emit (events.js:191:7)
14 verbose stack     at maybeClose (internal/child_process.js:920:16)
14 verbose stack     at Process.ChildProcess._handle.onexit (internal/child_process.js:230:5)
15 verbose pkgid bs4starter@1.0.0
16 verbose cwd C:\Users\Todd\Desktop\code\udemy\traversy\bootstrap-4-beta\bootstrap-sandbox\mizuxe
17 error Windows_NT 6.3.9600
18 error argv "C:\\Program Files\\nodejs\\node.exe" "C:\\Users\\Todd\\AppData\\Roaming\\npm\\node_modules\\npm\\bin\\npm-cli.js" "start"
19 error node v6.11.3
20 error npm  v4.0.3
21 error code ELIFECYCLE
22 error bs4starter@1.0.0 start: `gulp`
22 error Exit status 3221225786
23 error Failed at the bs4starter@1.0.0 start script 'gulp'.
23 error Make sure you have the latest version of node.js and npm installed.
23 error If you do, this is most likely a problem with the bs4starter package,
23 error not with npm itself.
23 error Tell the author that this fails on your system:
23 error     gulp
23 error You can get information on how to open an issue for this project with:
23 error     npm bugs bs4starter
23 error Or if that isn't available, you can get their info via:
23 error     npm owner ls bs4starter
23 error There is likely additional logging output above.
24 verbose exit [ 1, true ]
